<?xml version="1.0" encoding="UTF-8"?>
<!-- Generated by org.testng.reporters.JUnitReportReporter -->
<testsuite hostname="DESKTOP-RINF4IV" failures="0" tests="5" name="AutomationProject.seleniumFrame.day4" time="0.019" errors="0" timestamp="2023-08-29T22:23:05 IST" skipped="0">
  <testcase classname="AutomationProject.seleniumFrame.day4" name="weekDayMorn" time="0.005"/>
  <testcase classname="AutomationProject.seleniumFrame.day4" name="weekDayEvg" time="0.003"/>
  <testcase classname="AutomationProject.seleniumFrame.day4" name="weekDay" time="0.002"/>
  <testcase classname="AutomationProject.seleniumFrame.day4" name="apple" time="0.004"/>
  <testcase classname="AutomationProject.seleniumFrame.day4" name="weekDayAfter" time="0.005"/>
</testsuite> <!-- AutomationProject.seleniumFrame.day4 -->
