<?xml version="1.0" encoding="UTF-8"?>
<!-- Generated by org.testng.reporters.JUnitReportReporter -->
<testsuite hostname="DESKTOP-RINF4IV" failures="0" tests="3" name="AutomationProject.seleniumFrame.day2" time="0.013" errors="0" timestamp="2023-08-29T22:23:05 IST" skipped="0">
  <testcase classname="AutomationProject.seleniumFrame.day2" name="carLoginmobile" time="0.003"/>
  <testcase classname="AutomationProject.seleniumFrame.day2" name="carLoginAPI" time="0.004"/>
  <testcase classname="AutomationProject.seleniumFrame.day2" name="carLoginweb" time="0.006"/>
</testsuite> <!-- AutomationProject.seleniumFrame.day2 -->
