<?xml version="1.0" encoding="UTF-8"?>
<!-- Generated by org.testng.reporters.JUnitReportReporter -->
<testsuite hostname="DESKTOP-RINF4IV" failures="0" tests="4" name="AutomationProject.seleniumFrame.day1" time="0.025" errors="0" timestamp="2023-08-29T22:23:05 IST" skipped="0">
  <testcase classname="AutomationProject.seleniumFrame.day1" name="demo" time="0.014"/>
  <testcase classname="AutomationProject.seleniumFrame.day1" name="demo" time="0.004"/>
  <testcase classname="AutomationProject.seleniumFrame.day1" name="demo" time="0.002"/>
  <testcase classname="AutomationProject.seleniumFrame.day1" name="secondTest" time="0.005"/>
</testsuite> <!-- AutomationProject.seleniumFrame.day1 -->
