<?xml version="1.0" encoding="UTF-8"?>
<!-- Generated by org.testng.reporters.JUnitReportReporter -->
<testsuite hostname="DESKTOP-RINF4IV" failures="0" tests="2" name="AutomationProject.seleniumFrame.day3" time="0.012" errors="0" timestamp="2023-08-29T22:23:05 IST" skipped="0">
  <testcase classname="AutomationProject.seleniumFrame.day3" name="bikeLoginAPI" time="0.006"/>
  <testcase classname="AutomationProject.seleniumFrame.day3" name="bikeLoginmobile" time="0.006"/>
</testsuite> <!-- AutomationProject.seleniumFrame.day3 -->
