<?xml version="1.0" encoding="UTF-8"?>
<!-- Generated by org.testng.reporters.JUnitReportReporter -->
<testsuite hostname="DESKTOP-RINF4IV" failures="0" tests="2" name="AutomationProject.seleniumFrame.A1" time="0.023" errors="0" timestamp="2023-08-09T02:05:27 IST" skipped="0">
  <testcase classname="AutomationProject.seleniumFrame.A1" name="m1" time="0.019"/>
  <testcase classname="AutomationProject.seleniumFrame.A1" name="m2" time="0.004"/>
</testsuite> <!-- AutomationProject.seleniumFrame.A1 -->
